<?xml version="1.0" encoding="UTF-8"?>
<!-- Generated by org.testng.reporters.JUnitReportReporter -->
<testsuite hostname="LT-CHN-35775A" name="TestScripts.TestAnnotation" tests="1" failures="0" timestamp="12 Mar 2020 05:51:51 GMT" time="0.011" errors="0">
  <testcase name="testCase1" time="0.011" classname="TestScripts.TestAnnotation"/>
</testsuite> <!-- TestScripts.TestAnnotation -->
